# JRE version: OpenJDK Runtime Environment (8.0_152-b02) (build 1.8.0_152-release-1024-b02)
# Java VM: OpenJDK 64-Bit Server VM (25.152-b02 mixed mode windows-amd64 compressed oops)
Heap:
 PSYoungGen      total 121344K, used 64299K [0x00000000e0000000, 0x00000000ea380000, 0x0000000100000000)
  eden space 109056K, 49% used [0x00000000e0000000,0x00000000e3529d58,0x00000000e6a80000)
  from space 12288K, 80% used [0x00000000e7900000,0x00000000e82a1018,0x00000000e8500000)
  to   space 14848K, 0% used [0x00000000e6a80000,0x00000000e6a80000,0x00000000e7900000)
 ParOldGen       total 97280K, used 42099K [0x00000000a0000000, 0x00000000a5f00000, 0x00000000e0000000)
  object space 97280K, 43% used [0x00000000a0000000,0x00000000a291cdc8,0x00000000a5f00000)
 Metaspace       used 66166K, capacity 68750K, committed 68864K, reserved 1107968K
  class space    used 8774K, capacity 9449K, committed 9472K, reserved 1048576K
GC Heap History (10 events):
Event: 17.309 GC heap before
{Heap before GC invocations=15 (full 2):
 PSYoungGen      total 98304K, used 98284K [0x00000000e0000000, 0x00000000e7000000, 0x0000000100000000)
  eden space 88064K, 100% used [0x00000000e0000000,0x00000000e5600000,0x00000000e5600000)
  from space 10240K, 99% used [0x00000000e6200000,0x00000000e6bfb120,0x00000000e6c00000)
  to   space 12288K, 0% used [0x00000000e5600000,0x00000000e5600000,0x00000000e6200000)
 ParOldGen       total 97280K, used 18745K [0x00000000a0000000, 0x00000000a5f00000, 0x00000000e0000000)
  object space 97280K, 19% used [0x00000000a0000000,0x00000000a124e768,0x00000000a5f00000)
 Metaspace       used 55040K, capacity 56896K, committed 57088K, reserved 1097728K
  class space    used 7464K, capacity 7914K, committed 7936K, reserved 1048576K
Event: 17.329 GC heap after
Heap after GC invocations=15 (full 2):
 PSYoungGen      total 100352K, used 9385K [0x00000000e0000000, 0x00000000e8500000, 0x0000000100000000)
  eden space 88064K, 0% used [0x00000000e0000000,0x00000000e0000000,0x00000000e5600000)
  from space 12288K, 76% used [0x00000000e5600000,0x00000000e5f2a5d0,0x00000000e6200000)
  to   space 12288K, 0% used [0x00000000e7900000,0x00000000e7900000,0x00000000e8500000)
 ParOldGen       total 97280K, used 27507K [0x00000000a0000000, 0x00000000a5f00000, 0x00000000e0000000)
  object space 97280K, 28% used [0x00000000a0000000,0x00000000a1adcee0,0x00000000a5f00000)
 Metaspace       used 55040K, capacity 56896K, committed 57088K, reserved 1097728K
  class space    used 7464K, capacity 7914K, committed 7936K, reserved 1048576K
}
Event: 18.395 GC heap before
{Heap before GC invocations=16 (full 2):
 PSYoungGen      total 100352K, used 97449K [0x00000000e0000000, 0x00000000e8500000, 0x0000000100000000)
  eden space 88064K, 100% used [0x00000000e0000000,0x00000000e5600000,0x00000000e5600000)
  from space 12288K, 76% used [0x00000000e5600000,0x00000000e5f2a5d0,0x00000000e6200000)
  to   space 12288K, 0% used [0x00000000e7900000,0x00000000e7900000,0x00000000e8500000)
 ParOldGen       total 97280K, used 27507K [0x00000000a0000000, 0x00000000a5f00000, 0x00000000e0000000)
  object space 97280K, 28% used [0x00000000a0000000,0x00000000a1adcee0,0x00000000a5f00000)
 Metaspace       used 56836K, capacity 58730K, committed 58880K, reserved 1099776K
  class space    used 7729K, capacity 8188K, committed 8192K, reserved 1048576K
Event: 18.409 GC heap after
Heap after GC invocations=16 (full 2):
 PSYoungGen      total 121344K, used 12256K [0x00000000e0000000, 0x00000000e8b80000, 0x0000000100000000)
  eden space 109056K, 0% used [0x00000000e0000000,0x00000000e0000000,0x00000000e6a80000)
  from space 12288K, 99% used [0x00000000e7900000,0x00000000e84f8038,0x00000000e8500000)
  to   space 14848K, 0% used [0x00000000e6a80000,0x00000000e6a80000,0x00000000e7900000)
 ParOldGen       total 97280K, used 30079K [0x00000000a0000000, 0x00000000a5f00000, 0x00000000e0000000)
  object space 97280K, 30% used [0x00000000a0000000,0x00000000a1d5fcf0,0x00000000a5f00000)
 Metaspace       used 56836K, capacity 58730K, committed 58880K, reserved 1099776K
  class space    used 7729K, capacity 8188K, committed 8192K, reserved 1048576K
}
Event: 18.639 GC heap before
{Heap before GC invocations=17 (full 2):
 PSYoungGen      total 121344K, used 44512K [0x00000000e0000000, 0x00000000e8b80000, 0x0000000100000000)
  eden space 109056K, 29% used [0x00000000e0000000,0x00000000e1f7ffd8,0x00000000e6a80000)
  from space 12288K, 99% used [0x00000000e7900000,0x00000000e84f8038,0x00000000e8500000)
  to   space 14848K, 0% used [0x00000000e6a80000,0x00000000e6a80000,0x00000000e7900000)
 ParOldGen       total 97280K, used 30079K [0x00000000a0000000, 0x00000000a5f00000, 0x00000000e0000000)
  object space 97280K, 30% used [0x00000000a0000000,0x00000000a1d5fcf0,0x00000000a5f00000)
 Metaspace       used 57078K, capacity 58934K, committed 59008K, reserved 1099776K
  class space    used 7785K, capacity 8286K, committed 8320K, reserved 1048576K
Event: 18.659 GC heap after
Heap after GC invocations=17 (full 2):
 PSYoungGen      total 123904K, used 4160K [0x00000000e0000000, 0x00000000e8b80000, 0x0000000100000000)
  eden space 109056K, 0% used [0x00000000e0000000,0x00000000e0000000,0x00000000e6a80000)
  from space 14848K, 28% used [0x00000000e6a80000,0x00000000e6e90000,0x00000000e7900000)
  to   space 12288K, 0% used [0x00000000e7900000,0x00000000e7900000,0x00000000e8500000)
 ParOldGen       total 97280K, used 42383K [0x00000000a0000000, 0x00000000a5f00000, 0x00000000e0000000)
  object space 97280K, 43% used [0x00000000a0000000,0x00000000a2963d68,0x00000000a5f00000)
 Metaspace       used 57078K, capacity 58934K, committed 59008K, reserved 1099776K
  class space    used 7785K, capacity 8286K, committed 8320K, reserved 1048576K
}
Event: 18.659 GC heap before
{Heap before GC invocations=18 (full 3):
 PSYoungGen      total 123904K, used 4160K [0x00000000e0000000, 0x00000000e8b80000, 0x0000000100000000)
  eden space 109056K, 0% used [0x00000000e0000000,0x00000000e0000000,0x00000000e6a80000)
  from space 14848K, 28% used [0x00000000e6a80000,0x00000000e6e90000,0x00000000e7900000)
  to   space 12288K, 0% used [0x00000000e7900000,0x00000000e7900000,0x00000000e8500000)
 ParOldGen       total 97280K, used 42383K [0x00000000a0000000, 0x00000000a5f00000, 0x00000000e0000000)
  object space 97280K, 43% used [0x00000000a0000000,0x00000000a2963d68,0x00000000a5f00000)
 Metaspace       used 57078K, capacity 58934K, committed 59008K, reserved 1099776K
  class space    used 7785K, capacity 8286K, committed 8320K, reserved 1048576K
Event: 19.091 GC heap after
Heap after GC invocations=18 (full 3):
 PSYoungGen      total 123904K, used 0K [0x00000000e0000000, 0x00000000e8b80000, 0x0000000100000000)
  eden space 109056K, 0% used [0x00000000e0000000,0x00000000e0000000,0x00000000e6a80000)
  from space 14848K, 0% used [0x00000000e6a80000,0x00000000e6a80000,0x00000000e7900000)
  to   space 12288K, 0% used [0x00000000e7900000,0x00000000e7900000,0x00000000e8500000)
 ParOldGen       total 97280K, used 42072K [0x00000000a0000000, 0x00000000a5f00000, 0x00000000e0000000)
  object space 97280K, 43% used [0x00000000a0000000,0x00000000a2916178,0x00000000a5f00000)
 Metaspace       used 57078K, capacity 58934K, committed 59008K, reserved 1099776K
  class space    used 7785K, capacity 8286K, committed 8320K, reserved 1048576K
}
Event: 33.201 GC heap before
{Heap before GC invocations=19 (full 3):
 PSYoungGen      total 123904K, used 109056K [0x00000000e0000000, 0x00000000e8b80000, 0x0000000100000000)
  eden space 109056K, 100% used [0x00000000e0000000,0x00000000e6a80000,0x00000000e6a80000)
  from space 14848K, 0% used [0x00000000e6a80000,0x00000000e6a80000,0x00000000e7900000)
  to   space 12288K, 0% used [0x00000000e7900000,0x00000000e7900000,0x00000000e8500000)
 ParOldGen       total 97280K, used 42072K [0x00000000a0000000, 0x00000000a5f00000, 0x00000000e0000000)
  object space 97280K, 43% used [0x00000000a0000000,0x00000000a2916178,0x00000000a5f00000)
 Metaspace       used 64075K, capacity 66286K, committed 66432K, reserved 1105920K
  class space    used 8624K, capacity 9232K, committed 9344K, reserved 1048576K
Event: 33.216 GC heap after
Heap after GC invocations=19 (full 3):
 PSYoungGen      total 121344K, used 9860K [0x00000000e0000000, 0x00000000ea380000, 0x0000000100000000)
  eden space 109056K, 0% used [0x00000000e0000000,0x00000000e0000000,0x00000000e6a80000)
  from space 12288K, 80% used [0x00000000e7900000,0x00000000e82a1018,0x00000000e8500000)
  to   space 14848K, 0% used [0x00000000e6a80000,0x00000000e6a80000,0x00000000e7900000)
 ParOldGen       total 97280K, used 42099K [0x00000000a0000000, 0x00000000a5f00000, 0x00000000e0000000)
  object space 97280K, 43% used [0x00000000a0000000,0x00000000a291cdc8,0x00000000a5f00000)
 Metaspace       used 64075K, capacity 66286K, committed 66432K, reserved 1105920K
  class space    used 8624K, capacity 9232K, committed 9344K, reserved 1048576K
}

